#
# There is insufficient memory for the Java Runtime Environment to continue.
# Native memory allocation (mmap) failed to map 65536 bytes for Failed to commit metaspace.
# Possible reasons:
#   The system is out of physical RAM or swap space
#   The process is running with CompressedOops enabled, and the Java Heap may be blocking the growth of the native heap
# Possible solutions:
#   Reduce memory load on the system
#   Increase physical memory or swap space
#   Check if swap backing store is full
#   Decrease Java heap size (-Xmx/-Xms)
#   Decrease number of Java threads
#   Decrease Java thread stack sizes (-Xss)
#   Set larger code cache with -XX:ReservedCodeCacheSize=
#   JVM is running with Unscaled Compressed Oops mode in which the Java heap is
#     placed in the first 4GB address space. The Java Heap base address is the
#     maximum limit for the native heap growth. Please use -XX:HeapBaseMinAddress
#     to set the Java Heap base and to place the Java Heap above 4GB virtual address.
# This output file may be truncated or incomplete.
#
#  Out of Memory Error (virtualSpaceNode.cpp:110), pid=12676, tid=11680
#
# JRE version: OpenJDK Runtime Environment Temurin-17.0.6+10 (17.0.6+10) (build 17.0.6+10)
# Java VM: OpenJDK 64-Bit Server VM Temurin-17.0.6+10 (17.0.6+10, mixed mode, emulated-client, tiered, compressed oops, compressed class ptrs, g1 gc, windows-amd64)
# No core dump will be written. Minidumps are not enabled by default on client versions of Windows
#

---------------  S U M M A R Y ------------

Command Line: -Dcom.sun.management.jmxremote -Dcom.sun.management.jmxremote.port=52563 -Dcom.sun.management.jmxremote.authenticate=false -Dcom.sun.management.jmxremote.ssl=false -Djava.rmi.server.hostname=localhost -Dspring.jmx.enabled=true -Dmanagement.endpoints.jmx.exposure.include=* -Dspring.application.admin.enabled=true -XX:TieredStopAtLevel=1 -Dspring.boot.project.name=SpringProjectWMDB -Dfile.encoding=UTF-8 -XX:+ShowCodeDetailsInExceptionMessages com.project.func.SpringProjectWmdbApplication --spring.output.ansi.enabled=always

Host: Intel(R) Core(TM) i5-8265U CPU @ 1.60GHz, 8 cores, 7G,  Windows 10 , 64 bit Build 19041 (10.0.19041.3031)
Time: Tue Jul 11 20:18:33 2023 Hora oficial do Brasil elapsed time: 30.667724 seconds (0d 0h 0m 30s)

---------------  T H R E A D  ---------------

Current thread (0x0000029e55f73970):  JavaThread "main" [_thread_in_vm, id=11680, stack(0x000000be5b300000,0x000000be5b400000)]

Stack: [0x000000be5b300000,0x000000be5b400000]
Native frames: (J=compiled Java code, j=interpreted, Vv=VM code, C=native code)
V  [jvm.dll+0x67741a]
V  [jvm.dll+0x834434]
V  [jvm.dll+0x835bde]
V  [jvm.dll+0x836243]
V  [jvm.dll+0x2457b5]
V  [jvm.dll+0x8304cb]
V  [jvm.dll+0x61bca6]
V  [jvm.dll+0x61bd0a]
V  [jvm.dll+0x61e52a]
V  [jvm.dll+0x61c646]
V  [jvm.dll+0x23d4e8]
V  [jvm.dll+0x6cd885]
V  [jvm.dll+0x6ce27f]
V  [jvm.dll+0x36fd73]
V  [jvm.dll+0x40b19e]
V  [jvm.dll+0x4164fd]
C  0x0000029e5b29be77

Java frames: (J=compiled Java code, j=interpreted, Vv=VM code)
J 1532  java.lang.Class.getDeclaredConstructors0(Z)[Ljava/lang/reflect/Constructor; java.base@17.0.6 (0 bytes) @ 0x0000029e5b29bddb [0x0000029e5b29bda0+0x000000000000003b]
J 1080 c1 java.lang.Class.privateGetDeclaredConstructors(Z)[Ljava/lang/reflect/Constructor; java.base@17.0.6 (79 bytes) @ 0x0000029e5b1e8194 [0x0000029e5b1e8060+0x0000000000000134]
J 2499 c1 java.lang.Class.getConstructor0([Ljava/lang/Class;I)Ljava/lang/reflect/Constructor; java.base@17.0.6 (83 bytes) @ 0x0000029e5b3ba944 [0x0000029e5b3ba800+0x0000000000000144]
j  java.lang.Class.getConstructor([Ljava/lang/Class;)Ljava/lang/reflect/Constructor;+24 java.base@17.0.6
j  java.util.ResourceBundle$ResourceBundleProviderHelper.newResourceBundle(Ljava/lang/Class;)Ljava/util/ResourceBundle;+5 java.base@17.0.6
j  java.util.ResourceBundle$1.newResourceBundle(Ljava/lang/Class;)Ljava/util/ResourceBundle;+1 java.base@17.0.6
j  sun.util.resources.Bundles.findBundleOf(Lsun/util/resources/Bundles$CacheKey;Lsun/util/resources/Bundles$Strategy;Ljava/lang/String;Ljava/util/List;I)Ljava/util/ResourceBundle;+234 java.base@17.0.6
j  sun.util.resources.Bundles.findBundleOf(Lsun/util/resources/Bundles$CacheKey;Lsun/util/resources/Bundles$Strategy;Ljava/lang/String;Ljava/util/List;I)Ljava/util/ResourceBundle;+37 java.base@17.0.6
j  sun.util.resources.Bundles.loadBundleOf(Ljava/lang/String;Ljava/util/Locale;Lsun/util/resources/Bundles$Strategy;)Ljava/util/ResourceBundle;+112 java.base@17.0.6
j  sun.util.resources.Bundles.of(Ljava/lang/String;Ljava/util/Locale;Lsun/util/resources/Bundles$Strategy;)Ljava/util/ResourceBundle;+3 java.base@17.0.6
j  sun.util.resources.LocaleData$1.run()Ljava/util/ResourceBundle;+11 java.base@17.0.6
j  sun.util.resources.LocaleData$1.run()Ljava/lang/Object;+1 java.base@17.0.6
J 769 c1 java.security.AccessController.doPrivileged(Ljava/security/PrivilegedAction;)Ljava/lang/Object; java.base@17.0.6 (9 bytes) @ 0x0000029e5b16207c [0x0000029e5b162040+0x000000000000003c]
j  sun.util.resources.LocaleData.getBundle(Ljava/lang/String;Ljava/util/Locale;)Ljava/util/ResourceBundle;+9 java.base@17.0.6
j  sun.util.resources.LocaleData.getTimeZoneNames(Ljava/util/Locale;)Lsun/util/resources/TimeZoneNamesBundle;+26 java.base@17.0.6
j  sun.util.locale.provider.LocaleResources.getTimeZoneNames(Ljava/lang/String;)Ljava/lang/Object;+70 java.base@17.0.6
j  sun.util.locale.provider.TimeZoneNameProviderImpl.getDisplayNameArray(Ljava/lang/String;Ljava/util/Locale;)[Ljava/lang/String;+22 java.base@17.0.6
j  sun.util.cldr.CLDRTimeZoneNameProviderImpl.getDisplayNameArray(Ljava/lang/String;Ljava/util/Locale;)[Ljava/lang/String;+3 java.base@17.0.6
j  sun.util.locale.provider.TimeZoneNameProviderImpl.getDisplayName(Ljava/lang/String;ZILjava/util/Locale;)Ljava/lang/String;+4 java.base@17.0.6
j  sun.util.locale.provider.TimeZoneNameUtility$TimeZoneNameGetter.getName(Ljava/util/spi/TimeZoneNameProvider;Ljava/util/Locale;Ljava/lang/String;ILjava/lang/String;)Ljava/lang/String;+126 java.base@17.0.6
j  sun.util.locale.provider.TimeZoneNameUtility$TimeZoneNameGetter.getObject(Ljava/util/spi/TimeZoneNameProvider;Ljava/util/Locale;Ljava/lang/String;[Ljava/lang/Object;)Ljava/lang/String;+49 java.base@17.0.6
j  sun.util.locale.provider.TimeZoneNameUtility$TimeZoneNameGetter.getObject(Ljava/util/spi/LocaleServiceProvider;Ljava/util/Locale;Ljava/lang/String;[Ljava/lang/Object;)Ljava/lang/Object;+9 java.base@17.0.6
j  sun.util.locale.provider.LocaleServiceProviderPool.getLocalizedObjectImpl(Lsun/util/locale/provider/LocaleServiceProviderPool$LocalizedObjectGetter;Ljava/util/Locale;ZLjava/lang/String;[Ljava/lang/Object;)Ljava/lang/Object;+93 java.base@17.0.6
j  sun.util.locale.provider.LocaleServiceProviderPool.getLocalizedObject(Lsun/util/locale/provider/LocaleServiceProviderPool$LocalizedObjectGetter;Ljava/util/Locale;Ljava/lang/String;[Ljava/lang/Object;)Ljava/lang/Object;+7 java.base@17.0.6
j  sun.util.locale.provider.TimeZoneNameUtility.retrieveDisplayNamesImpl(Ljava/lang/String;Ljava/util/Locale;)[Ljava/lang/String;+140 java.base@17.0.6
j  sun.util.locale.provider.TimeZoneNameUtility.retrieveDisplayName(Ljava/lang/String;ZILjava/util/Locale;)Ljava/lang/String;+2 java.base@17.0.6
j  java.util.TimeZone.getDisplayName(ZILjava/util/Locale;)Ljava/lang/String;+47 java.base@17.0.6
j  java.text.SimpleDateFormat.subFormat(IILjava/text/Format$FieldDelegate;Ljava/lang/StringBuffer;Z)V+991 java.base@17.0.6
j  java.text.SimpleDateFormat.format(Ljava/util/Date;Ljava/lang/StringBuffer;Ljava/text/Format$FieldDelegate;)Ljava/lang/StringBuffer;+163 java.base@17.0.6
j  java.text.SimpleDateFormat.format(Ljava/util/Date;Ljava/lang/StringBuffer;Ljava/text/FieldPosition;)Ljava/lang/StringBuffer;+17 java.base@17.0.6
j  java.text.DateFormat.format(Ljava/util/Date;)Ljava/lang/String;+12 java.base@17.0.6
j  org.apache.tomcat.util.http.CookieProcessorBase.<clinit>()V+30
v  ~StubRoutines::call_stub
j  org.apache.catalina.core.StandardContext.startInternal()V+199
j  org.apache.catalina.util.LifecycleBase.start()V+210
j  org.apache.catalina.core.ContainerBase$StartChild.call()Ljava/lang/Void;+4
j  org.apache.catalina.core.ContainerBase$StartChild.call()Ljava/lang/Object;+1
j  java.util.concurrent.FutureTask.run()V+39 java.base@17.0.6
j  org.apache.tomcat.util.threads.InlineExecutorService.execute(Ljava/lang/Runnable;)V+38
j  java.util.concurrent.AbstractExecutorService.submit(Ljava/util/concurrent/Callable;)Ljava/util/concurrent/Future;+20 java.base@17.0.6
j  org.apache.catalina.core.ContainerBase.startInternal()V+116
j  org.apache.catalina.core.StandardHost.startInternal()V+175
j  org.apache.catalina.util.LifecycleBase.start()V+210
j  org.apache.catalina.core.ContainerBase$StartChild.call()Ljava/lang/Void;+4
j  org.apache.catalina.core.ContainerBase$StartChild.call()Ljava/lang/Object;+1
j  java.util.concurrent.FutureTask.run()V+39 java.base@17.0.6
j  org.apache.tomcat.util.threads.InlineExecutorService.execute(Ljava/lang/Runnable;)V+38
j  java.util.concurrent.AbstractExecutorService.submit(Ljava/util/concurrent/Callable;)Ljava/util/concurrent/Future;+20 java.base@17.0.6
j  org.apache.catalina.core.ContainerBase.startInternal()V+116
j  org.apache.catalina.core.StandardEngine.startInternal()V+38
j  org.apache.catalina.util.LifecycleBase.start()V+210
j  org.apache.catalina.core.StandardService.startInternal()V+63
j  org.apache.catalina.util.LifecycleBase.start()V+210
j  org.apache.catalina.core.StandardServer.startInternal()V+92
j  org.apache.catalina.util.LifecycleBase.start()V+210
j  org.apache.catalina.startup.Tomcat.start()V+9
j  org.springframework.boot.web.embedded.tomcat.TomcatWebServer.initialize()V+51
j  org.springframework.boot.web.embedded.tomcat.TomcatWebServer.<init>(Lorg/apache/catalina/startup/Tomcat;ZLorg/springframework/boot/web/server/Shutdown;)V+66
j  org.springframework.boot.web.embedded.tomcat.TomcatServletWebServerFactory.getTomcatWebServer(Lorg/apache/catalina/startup/Tomcat;)Lorg/springframework/boot/web/embedded/tomcat/TomcatWebServer;+21
j  org.springframework.boot.web.embedded.tomcat.TomcatServletWebServerFactory.getWebServer([Lorg/springframework/boot/web/servlet/ServletContextInitializer;)Lorg/springframework/boot/web/server/WebServer;+212
j  org.springframework.boot.web.servlet.context.ServletWebServerApplicationContext.createWebServer()V+67
j  org.springframework.boot.web.servlet.context.ServletWebServerApplicationContext.onRefresh()V+5
j  org.springframework.context.support.AbstractApplicationContext.refresh()V+77
j  org.springframework.boot.web.servlet.context.ServletWebServerApplicationContext.refresh()V+1
j  org.springframework.boot.SpringApplication.refresh(Lorg/springframework/context/ConfigurableApplicationContext;)V+1
j  org.springframework.boot.SpringApplication.refreshContext(Lorg/springframework/context/ConfigurableApplicationContext;)V+16
j  org.springframework.boot.SpringApplication.run([Ljava/lang/String;)Lorg/springframework/context/ConfigurableApplicationContext;+101
j  org.springframework.boot.SpringApplication.run([Ljava/lang/Class;[Ljava/lang/String;)Lorg/springframework/context/ConfigurableApplicationContext;+9
j  org.springframework.boot.SpringApplication.run(Ljava/lang/Class;[Ljava/lang/String;)Lorg/springframework/context/ConfigurableApplicationContext;+9
j  com.project.func.SpringProjectWmdbApplication.main([Ljava/lang/String;)V+3
v  ~StubRoutines::call_stub

---------------  P R O C E S S  ---------------

Threads class SMR info:
_java_thread_list=0x0000029e68f10750, length=18, elements={
0x0000029e55f73970, 0x0000029e65cde030, 0x0000029e66800080, 0x0000029e65caef90,
0x0000029e65caf850, 0x0000029e66826820, 0x0000029e6682ac30, 0x0000029e66837000,
0x0000029e66837d10, 0x0000029e668280e0, 0x0000029e66827c10, 0x0000029e66829420,
0x0000029e6682b100, 0x0000029e668285b0, 0x0000029e66828a80, 0x0000029e66828f50,
0x0000029e66827740, 0x0000029e668298f0
}

Java Threads: ( => current thread )
=>0x0000029e55f73970 JavaThread "main" [_thread_in_vm, id=11680, stack(0x000000be5b300000,0x000000be5b400000)]
  0x0000029e65cde030 JavaThread "Reference Handler" daemon [_thread_blocked, id=6320, stack(0x000000be5ba00000,0x000000be5bb00000)]
  0x0000029e66800080 JavaThread "Finalizer" daemon [_thread_blocked, id=7780, stack(0x000000be5bb00000,0x000000be5bc00000)]
  0x0000029e65caef90 JavaThread "Signal Dispatcher" daemon [_thread_blocked, id=4356, stack(0x000000be5bc00000,0x000000be5bd00000)]
  0x0000029e65caf850 JavaThread "Attach Listener" daemon [_thread_blocked, id=9804, stack(0x000000be5bd00000,0x000000be5be00000)]
  0x0000029e66826820 JavaThread "Service Thread" daemon [_thread_blocked, id=12880, stack(0x000000be5be00000,0x000000be5bf00000)]
  0x0000029e6682ac30 JavaThread "Monitor Deflation Thread" daemon [_thread_blocked, id=12284, stack(0x000000be5bf00000,0x000000be5c000000)]
  0x0000029e66837000 JavaThread "C1 CompilerThread0" daemon [_thread_blocked, id=9860, stack(0x000000be5c000000,0x000000be5c100000)]
  0x0000029e66837d10 JavaThread "Sweeper thread" daemon [_thread_blocked, id=11656, stack(0x000000be5c100000,0x000000be5c200000)]
  0x0000029e668280e0 JavaThread "Common-Cleaner" daemon [_thread_blocked, id=11836, stack(0x000000be5c200000,0x000000be5c300000)]
  0x0000029e66827c10 JavaThread "Notification Thread" daemon [_thread_blocked, id=10316, stack(0x000000be5c500000,0x000000be5c600000)]
  0x0000029e66829420 JavaThread "RMI TCP Accept-0" daemon [_thread_in_native, id=6060, stack(0x000000be5c600000,0x000000be5c700000)]
  0x0000029e6682b100 JavaThread "RMI TCP Accept-52563" daemon [_thread_in_native, id=6360, stack(0x000000be5c700000,0x000000be5c800000)]
  0x0000029e668285b0 JavaThread "RMI TCP Accept-0" daemon [_thread_in_native, id=10344, stack(0x000000be5c800000,0x000000be5c900000)]
  0x0000029e66828a80 JavaThread "RMI TCP Connection(1)-127.0.0.1" daemon [_thread_in_native, id=12528, stack(0x000000be5ca00000,0x000000be5cb00000)]
  0x0000029e66828f50 JavaThread "RMI Scheduler(0)" daemon [_thread_blocked, id=7216, stack(0x000000be5cb00000,0x000000be5cc00000)]
  0x0000029e66827740 JavaThread "RMI TCP Connection(2)-127.0.0.1" daemon [_thread_in_native, id=1604, stack(0x000000be5cc00000,0x000000be5cd00000)]
  0x0000029e668298f0 JavaThread "JMX server connection timeout 22" daemon [_thread_blocked, id=12260, stack(0x000000be5cd00000,0x000000be5ce00000)]

Other Threads:
  0x0000029e65cc8970 VMThread "VM Thread" [stack: 0x000000be5b900000,0x000000be5ba00000] [id=12540]
  0x0000029e55fe9c70 WatcherThread [stack: 0x000000be5c900000,0x000000be5ca00000] [id=12712]
  0x0000029e55fccf00 GCTaskThread "GC Thread#0" [stack: 0x000000be5b400000,0x000000be5b500000] [id=9528]
  0x0000029e672ab410 GCTaskThread "GC Thread#1" [stack: 0x000000be5ce00000,0x000000be5cf00000] [id=4924]
  0x0000029e672ab6c0 GCTaskThread "GC Thread#2" [stack: 0x000000be5cf00000,0x000000be5d000000] [id=11948]
  0x0000029e66bab0b0 GCTaskThread "GC Thread#3" [stack: 0x000000be5d000000,0x000000be5d100000] [id=3760]
  0x0000029e671792b0 GCTaskThread "GC Thread#4" [stack: 0x000000be5d100000,0x000000be5d200000] [id=2776]
  0x0000029e6717b570 GCTaskThread "GC Thread#5" [stack: 0x000000be5d200000,0x000000be5d300000] [id=8032]
  0x0000029e6717b820 GCTaskThread "GC Thread#6" [stack: 0x000000be5d300000,0x000000be5d400000] [id=1404]
  0x0000029e6717bad0 GCTaskThread "GC Thread#7" [stack: 0x000000be5d400000,0x000000be5d500000] [id=3440]
  0x0000029e55fde070 ConcurrentGCThread "G1 Main Marker" [stack: 0x000000be5b500000,0x000000be5b600000] [id=13200]
  0x0000029e55fde990 ConcurrentGCThread "G1 Conc#0" [stack: 0x000000be5b600000,0x000000be5b700000] [id=9260]
  0x0000029e6711cc40 ConcurrentGCThread "G1 Conc#1" [stack: 0x000000be5d700000,0x000000be5d800000] [id=11092]
  0x0000029e56038b10 ConcurrentGCThread "G1 Refine#0" [stack: 0x000000be5b700000,0x000000be5b800000] [id=8824]
  0x0000029e672ac180 ConcurrentGCThread "G1 Refine#1" [stack: 0x000000be5d500000,0x000000be5d600000] [id=9768]
  0x0000029e672acaf0 ConcurrentGCThread "G1 Refine#2" [stack: 0x000000be5d600000,0x000000be5d700000] [id=10172]
  0x0000029e56039440 ConcurrentGCThread "G1 Service" [stack: 0x000000be5b800000,0x000000be5b900000] [id=9384]

Threads with active compile tasks:

VM state: not at safepoint (normal execution)

VM Mutex/Monitor currently owned by a thread:  ([mutex/lock_event])
[0x0000029e55f6c490] Metaspace_lock - owner thread: 0x0000029e55f73970

Heap address: 0x0000000082400000, size: 2012 MB, Compressed Oops mode: 32-bit

CDS archive(s) not mapped
Compressed class space mapped at: 0x0000000100000000-0x0000000140000000, reserved size: 1073741824
Narrow klass base: 0x0000000000000000, Narrow klass shift: 3, Narrow klass range: 0x140000000

GC Precious Log:
 CPUs: 8 total, 8 available
 Memory: 8044M
 Large Page Support: Disabled
 NUMA Support: Disabled
 Compressed Oops: Enabled (32-bit)
 Heap Region Size: 1M
 Heap Min Capacity: 8M
 Heap Initial Capacity: 126M
 Heap Max Capacity: 2012M
 Pre-touch: Disabled
 Parallel Workers: 8
 Concurrent Workers: 2
 Concurrent Refinement Workers: 8
 Periodic GC: Disabled

Heap:
 garbage-first heap   total 30720K, used 17437K [0x0000000082400000, 0x0000000100000000)
  region size 1024K, 8 young (8192K), 2 survivors (2048K)
 Metaspace       used 33930K, committed 34304K, reserved 1081344K
  class space    used 4225K, committed 4416K, reserved 1048576K

Heap Regions: E=young(eden), S=young(survivor), O=old, HS=humongous(starts), HC=humongous(continues), CS=collection set, F=free, OA=open archive, CA=closed archive, TAMS=top-at-mark-start (previous, next)
|   0|0x0000000082400000, 0x0000000082500000, 0x0000000082500000|100%| O|  |TAMS 0x0000000082500000, 0x0000000082400000| Untracked 
|   1|0x0000000082500000, 0x0000000082600000, 0x0000000082600000|100%| O|  |TAMS 0x0000000082600000, 0x0000000082500000| Untracked 
|   2|0x0000000082600000, 0x0000000082700000, 0x0000000082700000|100%| O|  |TAMS 0x0000000082670000, 0x0000000082600000| Untracked 
|   3|0x0000000082700000, 0x0000000082800000, 0x0000000082800000|100%| O|  |TAMS 0x0000000082700000, 0x0000000082700000| Untracked 
|   4|0x0000000082800000, 0x0000000082900000, 0x0000000082900000|100%| O|  |TAMS 0x0000000082800000, 0x0000000082800000| Untracked 
|   5|0x0000000082900000, 0x0000000082a00000, 0x0000000082a00000|100%| O|  |TAMS 0x0000000082900000, 0x0000000082900000| Untracked 
|   6|0x0000000082a00000, 0x0000000082b00000, 0x0000000082b00000|100%| O|  |TAMS 0x0000000082a00000, 0x0000000082a00000| Untracked 
|   7|0x0000000082b00000, 0x0000000082c00000, 0x0000000082c00000|100%| O|  |TAMS 0x0000000082b00000, 0x0000000082b00000| Untracked 
|   8|0x0000000082c00000, 0x0000000082d00000, 0x0000000082d00000|100%| O|  |TAMS 0x0000000082c00000, 0x0000000082c00000| Untracked 
|   9|0x0000000082d00000, 0x0000000082e00000, 0x0000000082e00000|100%| O|  |TAMS 0x0000000082d00000, 0x0000000082d00000| Untracked 
|  10|0x0000000082e00000, 0x0000000082e84c00, 0x0000000082f00000| 51%| O|  |TAMS 0x0000000082e00000, 0x0000000082e00000| Untracked 
|  11|0x0000000082f00000, 0x0000000082f00000, 0x0000000083000000|  0%| F|  |TAMS 0x0000000082f00000, 0x0000000082f00000| Untracked 
|  12|0x0000000083000000, 0x0000000083000000, 0x0000000083100000|  0%| F|  |TAMS 0x0000000083000000, 0x0000000083000000| Untracked 
|  13|0x0000000083100000, 0x0000000083100000, 0x0000000083200000|  0%| F|  |TAMS 0x0000000083100000, 0x0000000083100000| Untracked 
|  14|0x0000000083200000, 0x0000000083282aa0, 0x0000000083300000| 51%| S|CS|TAMS 0x0000000083200000, 0x0000000083200000| Complete 
|  15|0x0000000083300000, 0x0000000083300000, 0x0000000083400000|  0%| F|  |TAMS 0x0000000083300000, 0x0000000083300000| Untracked 
|  16|0x0000000083400000, 0x0000000083500000, 0x0000000083500000|100%| S|CS|TAMS 0x0000000083400000, 0x0000000083400000| Complete 
|  17|0x0000000083500000, 0x0000000083500000, 0x0000000083600000|  0%| F|  |TAMS 0x0000000083500000, 0x0000000083500000| Untracked 
|  18|0x0000000083600000, 0x0000000083600000, 0x0000000083700000|  0%| F|  |TAMS 0x0000000083600000, 0x0000000083600000| Untracked 
|  19|0x0000000083700000, 0x0000000083700000, 0x0000000083800000|  0%| F|  |TAMS 0x0000000083700000, 0x0000000083700000| Untracked 
|  20|0x0000000083800000, 0x0000000083800000, 0x0000000083900000|  0%| F|  |TAMS 0x0000000083800000, 0x0000000083800000| Untracked 
|  21|0x0000000083900000, 0x0000000083900000, 0x0000000083a00000|  0%| F|  |TAMS 0x0000000083900000, 0x0000000083900000| Untracked 
|  22|0x0000000083a00000, 0x0000000083a00000, 0x0000000083b00000|  0%| F|  |TAMS 0x0000000083a00000, 0x0000000083a00000| Untracked 
|  23|0x0000000083b00000, 0x0000000083b00000, 0x0000000083c00000|  0%| F|  |TAMS 0x0000000083b00000, 0x0000000083b00000| Untracked 
|  24|0x0000000083c00000, 0x0000000083c313e0, 0x0000000083d00000| 19%| E|  |TAMS 0x0000000083c00000, 0x0000000083c00000| Complete 
|  25|0x0000000083d00000, 0x0000000083e00000, 0x0000000083e00000|100%| E|CS|TAMS 0x0000000083d00000, 0x0000000083d00000| Complete 
|  26|0x0000000083e00000, 0x0000000083f00000, 0x0000000083f00000|100%| E|CS|TAMS 0x0000000083e00000, 0x0000000083e00000| Complete 
| 103|0x0000000088b00000, 0x0000000088c00000, 0x0000000088c00000|100%| E|CS|TAMS 0x0000000088b00000, 0x0000000088b00000| Complete 
| 104|0x0000000088c00000, 0x0000000088d00000, 0x0000000088d00000|100%| E|CS|TAMS 0x0000000088c00000, 0x0000000088c00000| Complete 
| 125|0x000000008a100000, 0x000000008a200000, 0x000000008a200000|100%| E|CS|TAMS 0x000000008a100000, 0x000000008a100000| Complete 

Card table byte_map: [0x0000029e5eb10000,0x0000029e5ef00000] _byte_map_base: 0x0000029e5e6fe000

Marking Bits (Prev, Next): (CMBitMap*) 0x0000029e55fcd460, (CMBitMap*) 0x0000029e55fcd420
 Prev Bits: [0x0000029e61260000, 0x0000029e631d0000)
 Next Bits: [0x0000029e5f2f0000, 0x0000029e61260000)

Polling page: 0x0000029e56040000

Metaspace:

Usage:
  Non-class:     29.01 MB used.
      Class:      4.13 MB used.
       Both:     33.14 MB used.

Virtual space:
  Non-class space:       32.00 MB reserved,      29.19 MB ( 91%) committed,  4 nodes.
      Class space:        1.00 GB reserved,       4.31 MB ( <1%) committed,  1 nodes.
             Both:        1.03 GB reserved,      33.50 MB (  3%) committed. 

Chunk freelists:
   Non-Class:  1.94 MB
       Class:  3.50 MB
        Both:  5.44 MB

MaxMetaspaceSize: unlimited
CompressedClassSpaceSize: 1.00 GB
Initial GC threshold: 21.00 MB
Current GC threshold: 35.44 MB
CDS: off
MetaspaceReclaimPolicy: balanced
 - commit_granule_bytes: 65536.
 - commit_granule_words: 8192.
 - virtual_space_node_default_size: 1048576.
 - enlarge_chunks_in_place: 1.
 - new_chunks_are_fully_committed: 0.
 - uncommit_free_chunks: 1.
 - use_allocation_guard: 0.
 - handle_deallocations: 1.


Internal statistics:

num_allocs_failed_limit: 3.
num_arena_births: 522.
num_arena_deaths: 0.
num_vsnodes_births: 5.
num_vsnodes_deaths: 0.
num_space_committed: 536.
num_space_uncommitted: 0.
num_chunks_returned_to_freelist: 3.
num_chunks_taken_from_freelist: 1403.
num_chunk_merges: 3.
num_chunk_splits: 953.
num_chunks_enlarged: 677.
num_purges: 0.
num_inconsistent_stats: 0.

CodeCache: size=49152Kb used=6182Kb max_used=7152Kb free=42969Kb
 bounds [0x0000029e5ae40000, 0x0000029e5b560000, 0x0000029e5de40000]
 total_blobs=3765 nmethods=3254 adapters=438
 compilation: enabled
              stopped_count=0, restarted_count=0
 full_count=0

Compilation events (20 events):
Event: 30.137 Thread 0x0000029e66837000 3237       1       java.util.List::of (9 bytes)
Event: 30.138 Thread 0x0000029e66837000 nmethod 3237 0x0000029e5afb2010 code [0x0000029e5afb21c0, 0x0000029e5afb2428]
Event: 30.138 Thread 0x0000029e66837000 3239       1       java.lang.invoke.InvokerBytecodeGenerator::addMethod (725 bytes)
Event: 30.141 Thread 0x0000029e66837000 nmethod 3239 0x0000029e5afaf990 code [0x0000029e5afafda0, 0x0000029e5afb0cd8]
Event: 30.141 Thread 0x0000029e66837000 3242       1       java.lang.invoke.MethodHandles::argumentsWithCombinerChecks (197 bytes)
Event: 30.143 Thread 0x0000029e66837000 nmethod 3242 0x0000029e5afad710 code [0x0000029e5afada00, 0x0000029e5afae378]
Event: 30.143 Thread 0x0000029e66837000 3241       1       java.lang.invoke.MethodHandles::argumentsWithCombiner (130 bytes)
Event: 30.144 Thread 0x0000029e66837000 nmethod 3241 0x0000029e5afacb10 code [0x0000029e5afacd20, 0x0000029e5afad1f8]
Event: 30.336 Thread 0x0000029e66837000 3249   !   1       java.util.concurrent.ConcurrentHashMap::initTable (112 bytes)
Event: 30.336 Thread 0x0000029e66837000 nmethod 3249 0x0000029e5afac510 code [0x0000029e5afac6c0, 0x0000029e5afac9a8]
Event: 30.397 Thread 0x0000029e66837000 3250       1       java.io.FilterOutputStream::<init> (21 bytes)
Event: 30.397 Thread 0x0000029e66837000 nmethod 3250 0x0000029e5afac110 code [0x0000029e5afac2a0, 0x0000029e5afac458]
Event: 30.397 Thread 0x0000029e66837000 3252       1       java.io.ObjectInputStream$HandleTable::finish (111 bytes)
Event: 30.397 Thread 0x0000029e66837000 nmethod 3252 0x0000029e5afabb10 code [0x0000029e5afabcc0, 0x0000029e5afabf48]
Event: 30.397 Thread 0x0000029e66837000 3253       1       java.io.ObjectOutputStream$HandleTable::growSpine (67 bytes)
Event: 30.398 Thread 0x0000029e66837000 nmethod 3253 0x0000029e5afab510 code [0x0000029e5afab6c0, 0x0000029e5afab968]
Event: 30.398 Thread 0x0000029e66837000 3251       1       java.io.ObjectInputStream$HandleTable::assign (48 bytes)
Event: 30.398 Thread 0x0000029e66837000 nmethod 3251 0x0000029e5afaaf90 code [0x0000029e5afab140, 0x0000029e5afab368]
Event: 30.642 Thread 0x0000029e66837000 3254       1       jdk.internal.reflect.Reflection::verifyMemberAccess (200 bytes)
Event: 30.647 Thread 0x0000029e66837000 nmethod 3254 0x0000029e5afa9710 code [0x0000029e5afa9a80, 0x0000029e5afaa8a8]

GC Heap History (16 events):
Event: 5.983 GC heap before
{Heap before GC invocations=0 (full 0):
 garbage-first heap   total 129024K, used 22528K [0x0000000082400000, 0x0000000100000000)
  region size 1024K, 23 young (23552K), 0 survivors (0K)
 Metaspace       used 16616K, committed 16832K, reserved 1064960K
  class space    used 1806K, committed 1920K, reserved 1048576K
}
Event: 5.995 GC heap after
{Heap after GC invocations=1 (full 0):
 garbage-first heap   total 129024K, used 5568K [0x0000000082400000, 0x0000000100000000)
  region size 1024K, 3 young (3072K), 3 survivors (3072K)
 Metaspace       used 16616K, committed 16832K, reserved 1064960K
  class space    used 1806K, committed 1920K, reserved 1048576K
}
Event: 11.193 GC heap before
{Heap before GC invocations=1 (full 0):
 garbage-first heap   total 129024K, used 25024K [0x0000000082400000, 0x0000000100000000)
  region size 1024K, 24 young (24576K), 3 survivors (3072K)
 Metaspace       used 21305K, committed 21504K, reserved 1073152K
  class space    used 2445K, committed 2560K, reserved 1048576K
}
Event: 11.203 GC heap after
{Heap after GC invocations=2 (full 0):
 garbage-first heap   total 129024K, used 7169K [0x0000000082400000, 0x0000000100000000)
  region size 1024K, 2 young (2048K), 2 survivors (2048K)
 Metaspace       used 21305K, committed 21504K, reserved 1073152K
  class space    used 2445K, committed 2560K, reserved 1048576K
}
Event: 12.936 GC heap before
{Heap before GC invocations=3 (full 0):
 garbage-first heap   total 30720K, used 21505K [0x0000000082400000, 0x0000000100000000)
  region size 1024K, 18 young (18432K), 2 survivors (2048K)
 Metaspace       used 24937K, committed 25216K, reserved 1073152K
  class space    used 2954K, committed 3136K, reserved 1048576K
}
Event: 12.944 GC heap after
{Heap after GC invocations=4 (full 0):
 garbage-first heap   total 30720K, used 8050K [0x0000000082400000, 0x0000000100000000)
  region size 1024K, 3 young (3072K), 3 survivors (3072K)
 Metaspace       used 24937K, committed 25216K, reserved 1073152K
  class space    used 2954K, committed 3136K, reserved 1048576K
}
Event: 13.251 GC heap before
{Heap before GC invocations=4 (full 0):
 garbage-first heap   total 30720K, used 8050K [0x0000000082400000, 0x0000000100000000)
  region size 1024K, 4 young (4096K), 3 survivors (3072K)
 Metaspace       used 25176K, committed 25472K, reserved 1073152K
  class space    used 2984K, committed 3136K, reserved 1048576K
}
Event: 13.257 GC heap after
{Heap after GC invocations=5 (full 0):
 garbage-first heap   total 30720K, used 8259K [0x0000000082400000, 0x0000000100000000)
  region size 1024K, 1 young (1024K), 1 survivors (1024K)
 Metaspace       used 25176K, committed 25472K, reserved 1073152K
  class space    used 2984K, committed 3136K, reserved 1048576K
}
Event: 17.592 GC heap before
{Heap before GC invocations=5 (full 0):
 garbage-first heap   total 30720K, used 21571K [0x0000000082400000, 0x0000000100000000)
  region size 1024K, 14 young (14336K), 1 survivors (1024K)
 Metaspace       used 26836K, committed 27136K, reserved 1073152K
  class space    used 3206K, committed 3392K, reserved 1048576K
}
Event: 17.600 GC heap after
{Heap after GC invocations=6 (full 0):
 garbage-first heap   total 30720K, used 9376K [0x0000000082400000, 0x0000000100000000)
  region size 1024K, 2 young (2048K), 2 survivors (2048K)
 Metaspace       used 26836K, committed 27136K, reserved 1073152K
  class space    used 3206K, committed 3392K, reserved 1048576K
}
Event: 21.055 GC heap before
{Heap before GC invocations=6 (full 0):
 garbage-first heap   total 30720K, used 22688K [0x0000000082400000, 0x0000000100000000)
  region size 1024K, 15 young (15360K), 2 survivors (2048K)
 Metaspace       used 28297K, committed 28608K, reserved 1081344K
  class space    used 3426K, committed 3584K, reserved 1048576K
}
Event: 21.059 GC heap after
{Heap after GC invocations=7 (full 0):
 garbage-first heap   total 30720K, used 9994K [0x0000000082400000, 0x0000000100000000)
  region size 1024K, 2 young (2048K), 2 survivors (2048K)
 Metaspace       used 28297K, committed 28608K, reserved 1081344K
  class space    used 3426K, committed 3584K, reserved 1048576K
}
Event: 25.260 GC heap before
{Heap before GC invocations=7 (full 0):
 garbage-first heap   total 30720K, used 22282K [0x0000000082400000, 0x0000000100000000)
  region size 1024K, 14 young (14336K), 2 survivors (2048K)
 Metaspace       used 30527K, committed 30848K, reserved 1081344K
  class space    used 3751K, committed 3904K, reserved 1048576K
}
Event: 25.273 GC heap after
{Heap after GC invocations=8 (full 0):
 garbage-first heap   total 30720K, used 10899K [0x0000000082400000, 0x0000000100000000)
  region size 1024K, 2 young (2048K), 2 survivors (2048K)
 Metaspace       used 30527K, committed 30848K, reserved 1081344K
  class space    used 3751K, committed 3904K, reserved 1048576K
}
Event: 28.719 GC heap before
{Heap before GC invocations=8 (full 0):
 garbage-first heap   total 30720K, used 22163K [0x0000000082400000, 0x0000000100000000)
  region size 1024K, 14 young (14336K), 2 survivors (2048K)
 Metaspace       used 32744K, committed 33088K, reserved 1081344K
  class space    used 4106K, committed 4288K, reserved 1048576K
}
Event: 28.728 GC heap after
{Heap after GC invocations=9 (full 0):
 garbage-first heap   total 30720K, used 12317K [0x0000000082400000, 0x0000000100000000)
  region size 1024K, 2 young (2048K), 2 survivors (2048K)
 Metaspace       used 32744K, committed 33088K, reserved 1081344K
  class space    used 4106K, committed 4288K, reserved 1048576K
}

Dll operation events (7 events):
Event: 0.004 Loaded shared library C:\sts-4.18.0.RELEASE\plugins\org.eclipse.justj.openjdk.hotspot.jre.full.win32.x86_64_17.0.6.v20230204-1729\jre\bin\java.dll
Event: 0.161 Loaded shared library C:\sts-4.18.0.RELEASE\plugins\org.eclipse.justj.openjdk.hotspot.jre.full.win32.x86_64_17.0.6.v20230204-1729\jre\bin\jimage.dll
Event: 0.175 Loaded shared library C:\sts-4.18.0.RELEASE\plugins\org.eclipse.justj.openjdk.hotspot.jre.full.win32.x86_64_17.0.6.v20230204-1729\jre\bin\net.dll
Event: 0.176 Loaded shared library C:\sts-4.18.0.RELEASE\plugins\org.eclipse.justj.openjdk.hotspot.jre.full.win32.x86_64_17.0.6.v20230204-1729\jre\bin\nio.dll
Event: 0.182 Loaded shared library C:\sts-4.18.0.RELEASE\plugins\org.eclipse.justj.openjdk.hotspot.jre.full.win32.x86_64_17.0.6.v20230204-1729\jre\bin\zip.dll
Event: 0.236 Loaded shared library C:\sts-4.18.0.RELEASE\plugins\org.eclipse.justj.openjdk.hotspot.jre.full.win32.x86_64_17.0.6.v20230204-1729\jre\bin\management.dll
Event: 0.250 Loaded shared library C:\sts-4.18.0.RELEASE\plugins\org.eclipse.justj.openjdk.hotspot.jre.full.win32.x86_64_17.0.6.v20230204-1729\jre\bin\management_ext.dll

Deoptimization events (2 events):
Event: 12.223 Thread 0x0000029e55f73970 DEOPT PACKING pc=0x0000029e5b02ec19 sp=0x000000be5b3fd6b0
Event: 12.223 Thread 0x0000029e55f73970 DEOPT UNPACKING pc=0x0000029e5ae97143 sp=0x000000be5b3fcb90 mode 3

Classes unloaded (0 events):
No events

Classes redefined (0 events):
No events

Internal exceptions (20 events):
Event: 24.237 Thread 0x0000029e55f73970 Exception <a 'java/lang/NoSuchMethodError'{0x00000000839b1578}: 'int java.lang.invoke.Invokers$Holder.linkToTargetMethod(java.lang.Object, java.lang.Object)'> (0x00000000839b1578) 
thrown [s\src\hotspot\share\interpreter\linkResolver.cpp, line 759]
Event: 24.416 Thread 0x0000029e55f73970 Exception <a 'java/lang/NoSuchMethodError'{0x00000000838474f0}: 'java.lang.Object java.lang.invoke.DirectMethodHandle$Holder.invokeSpecial(java.lang.Object, java.lang.Object, java.lang.Object, java.lang.Object, java.lang.Object, java.lang.Object, java.lang.Object, java.lang.Object, java.lang.Object, java.lang.Object)'> (0x00000000838474f0) 
thrown [s\src\hotspot\share\interpreter\linkResolver.cpp, line 759]
Event: 24.417 Thread 0x0000029e55f73970 Exception <a 'java/lang/NoSuchMethodError'{0x000000008384bad8}: 'java.lang.Object java.lang.invoke.Invokers$Holder.invoke_MT(java.lang.Object, java.lang.Object, java.lang.Object, java.lang.Object, java.lang.Object, java.lang.Object, java.lang.Object, java.lang.Object, java.lang.Object, java.lang.Object)'> (0x000000008384bad8) 
thrown [s\src\hotspot\share\interpreter\linkResolver.cpp, line 759]
Event: 24.428 Thread 0x0000029e55f73970 Exception <a 'java/lang/NoSuchMethodError'{0x0000000083892660}: 'java.lang.Object java.lang.invoke.DirectMethodHandle$Holder.invokeSpecial(java.lang.Object, java.lang.Object, int, java.lang.Object, java.lang.Object)'> (0x0000000083892660) 
thrown [s\src\hotspot\share\interpreter\linkResolver.cpp, line 759]
Event: 24.428 Thread 0x0000029e55f73970 Exception <a 'java/lang/NoSuchMethodError'{0x0000000083896308}: 'java.lang.Object java.lang.invoke.DelegatingMethodHandle$Holder.delegate(java.lang.Object, int, java.lang.Object, java.lang.Object)'> (0x0000000083896308) 
thrown [s\src\hotspot\share\interpreter\linkResolver.cpp, line 759]
Event: 24.430 Thread 0x0000029e55f73970 Exception <a 'java/lang/NoSuchMethodError'{0x00000000838a7190}: 'int java.lang.invoke.Invokers$Holder.linkToTargetMethod(java.lang.Object, java.lang.Object, java.lang.Object)'> (0x00000000838a7190) 
thrown [s\src\hotspot\share\interpreter\linkResolver.cpp, line 759]
Event: 24.575 Thread 0x0000029e55f73970 Exception <a 'java/lang/NoClassDefFoundError'{0x000000008378c8f0}: org/flywaydb/core/Flyway> (0x000000008378c8f0) 
thrown [s\src\hotspot\share\classfile\systemDictionary.cpp, line 245]
Event: 24.576 Thread 0x0000029e55f73970 Exception <a 'java/lang/NoClassDefFoundError'{0x000000008378e3b0}: liquibase/integration/spring/SpringLiquibase> (0x000000008378e3b0) 
thrown [s\src\hotspot\share\classfile\systemDictionary.cpp, line 245]
Event: 25.175 Thread 0x0000029e55f73970 Exception <a 'java/lang/NoSuchMethodError'{0x00000000836df318}: 'void java.lang.invoke.DirectMethodHandle$Holder.invokeSpecial(java.lang.Object, java.lang.Object, java.lang.Object, java.lang.Object, java.lang.Object, java.lang.Object)'> (0x00000000836df318) 
thrown [s\src\hotspot\share\interpreter\linkResolver.cpp, line 759]
Event: 26.350 Thread 0x0000029e55f73970 Exception <a 'java/lang/NoSuchMethodError'{0x0000000088ccba98}: 'java.lang.Object java.lang.invoke.DirectMethodHandle$Holder.invokeSpecialIFC(java.lang.Object, java.lang.Object, java.lang.Object)'> (0x0000000088ccba98) 
thrown [s\src\hotspot\share\interpreter\linkResolver.cpp, line 759]
Event: 27.711 Thread 0x0000029e55f73970 Exception <a 'java/lang/NoSuchMethodError'{0x0000000083b62c48}: 'void java.lang.invoke.DirectMethodHandle$Holder.invokeInterface(java.lang.Object, java.lang.Object, int)'> (0x0000000083b62c48) 
thrown [s\src\hotspot\share\interpreter\linkResolver.cpp, line 759]
Event: 27.714 Thread 0x0000029e55f73970 Exception <a 'java/lang/IncompatibleClassChangeError'{0x0000000083bb2948}: Found class java.lang.Object, but interface was expected> (0x0000000083bb2948) 
thrown [s\src\hotspot\share\interpreter\linkResolver.cpp, line 826]
Event: 27.715 Thread 0x0000029e55f73970 Exception <a 'java/lang/NoSuchMethodError'{0x0000000083bcb388}: 'void java.lang.invoke.DirectMethodHandle$Holder.invokeStatic(java.lang.Object, int, java.lang.Object)'> (0x0000000083bcb388) 
thrown [s\src\hotspot\share\interpreter\linkResolver.cpp, line 759]
Event: 27.743 Thread 0x0000029e55f73970 Exception <a 'java/lang/NoSuchMethodError'{0x0000000083a07680}: 'void java.lang.invoke.DirectMethodHandle$Holder.invokeVirtual(java.lang.Object, java.lang.Object, int)'> (0x0000000083a07680) 
thrown [s\src\hotspot\share\interpreter\linkResolver.cpp, line 759]
Event: 27.744 Thread 0x0000029e55f73970 Exception <a 'java/lang/NoSuchMethodError'{0x0000000083a0d8c8}: 'void java.lang.invoke.DirectMethodHandle$Holder.invokeStatic(java.lang.Object, java.lang.Object, java.lang.Object, int, java.lang.Object)'> (0x0000000083a0d8c8) 
thrown [s\src\hotspot\share\interpreter\linkResolver.cpp, line 759]
Event: 27.744 Thread 0x0000029e55f73970 Exception <a 'java/lang/NoSuchMethodError'{0x0000000083a14dd0}: 'java.lang.Object java.lang.invoke.DirectMethodHandle$Holder.newInvokeSpecial(java.lang.Object, java.lang.Object, java.lang.Object, int)'> (0x0000000083a14dd0) 
thrown [s\src\hotspot\share\interpreter\linkResolver.cpp, line 759]
Event: 27.744 Thread 0x0000029e55f73970 Exception <a 'java/lang/NoSuchMethodError'{0x0000000083a190b8}: 'java.lang.Object java.lang.invoke.DirectMethodHandle$Holder.invokeSpecial(java.lang.Object, java.lang.Object, java.lang.Object, java.lang.Object, int)'> (0x0000000083a190b8) 
thrown [s\src\hotspot\share\interpreter\linkResolver.cpp, line 759]
Event: 27.744 Thread 0x0000029e55f73970 Exception <a 'java/lang/NoSuchMethodError'{0x0000000083a1cc80}: 'java.lang.Object java.lang.invoke.Invokers$Holder.linkToTargetMethod(java.lang.Object, java.lang.Object, int, java.lang.Object)'> (0x0000000083a1cc80) 
thrown [s\src\hotspot\share\interpreter\linkResolver.cpp, line 759]
Event: 30.143 Thread 0x0000029e55f73970 Exception <a 'java/lang/NoSuchMethodError'{0x0000000083d0ca20}: 'java.lang.Object java.lang.invoke.DirectMethodHandle$Holder.invokeSpecial(java.lang.Object, java.lang.Object, long, java.lang.Object, java.lang.Object, java.lang.Object, java.lang.Object, java.lang.Object, java.lang.Object)'> (0x0000000083d0ca20) 
thrown [s\src\hotspot\share\interpreter\linkResolver.cpp, line 759]
Event: 30.143 Thread 0x0000029e55f73970 Exception <a 'java/lang/NoSuchMethodError'{0x0000000083d11548}: 'java.lang.Object java.lang.invoke.DelegatingMethodHandle$Holder.reinvoke_L(java.lang.Object, long, java.lang.Object, java.lang.Object, java.lang.Object, java.lang.Object, java.lang.Object, java.lang.Object)'> (0x0000000083d11548) 
thrown [s\src\hotspot\share\interpreter\linkResolver.cpp, line 759]

VM Operations (20 events):
Event: 23.736 Executing VM operation: Cleanup
Event: 23.736 Executing VM operation: Cleanup done
Event: 24.261 Executing VM operation: HandshakeAllThreads
Event: 24.261 Executing VM operation: HandshakeAllThreads done
Event: 25.260 Executing VM operation: G1CollectForAllocation
Event: 25.273 Executing VM operation: G1CollectForAllocation done
Event: 26.282 Executing VM operation: Cleanup
Event: 26.283 Executing VM operation: Cleanup done
Event: 27.297 Executing VM operation: Cleanup
Event: 27.297 Executing VM operation: Cleanup done
Event: 28.010 Executing VM operation: HandshakeAllThreads
Event: 28.010 Executing VM operation: HandshakeAllThreads done
Event: 28.718 Executing VM operation: G1CollectForAllocation
Event: 28.728 Executing VM operation: G1CollectForAllocation done
Event: 29.799 Executing VM operation: HandshakeAllThreads
Event: 29.799 Executing VM operation: HandshakeAllThreads done
Event: 29.799 Executing VM operation: Cleanup
Event: 29.799 Executing VM operation: Cleanup done
Event: 30.391 Executing VM operation: HandshakeAllThreads
Event: 30.391 Executing VM operation: HandshakeAllThreads done

Events (20 events):
Event: 30.635 loading class java/text/Format$FieldDelegate done
Event: 30.635 loading class java/text/DontCareFieldPosition$1 done
Event: 30.635 loading class sun/util/locale/provider/TimeZoneNameUtility
Event: 30.636 loading class sun/util/locale/provider/TimeZoneNameUtility done
Event: 30.636 loading class sun/util/locale/provider/TimeZoneNameUtility$TimeZoneNameGetter
Event: 30.636 loading class sun/util/locale/provider/TimeZoneNameUtility$TimeZoneNameGetter done
Event: 30.637 loading class sun/util/cldr/CLDRTimeZoneNameProviderImpl
Event: 30.638 loading class sun/util/locale/provider/TimeZoneNameProviderImpl
Event: 30.638 loading class sun/util/locale/provider/TimeZoneNameProviderImpl done
Event: 30.638 loading class sun/util/cldr/CLDRTimeZoneNameProviderImpl done
Event: 30.641 loading class sun/util/locale/provider/BaseLocaleDataMetaInfo
Event: 30.642 loading class sun/util/locale/provider/BaseLocaleDataMetaInfo done
Event: 30.644 loading class sun/util/resources/cldr/TimeZoneNames
Event: 30.644 loading class sun/util/resources/TimeZoneNamesBundle
Event: 30.644 loading class sun/util/resources/OpenListResourceBundle
Event: 30.645 loading class sun/util/resources/OpenListResourceBundle done
Event: 30.645 loading class sun/util/resources/TimeZoneNamesBundle done
Event: 30.645 loading class sun/util/resources/cldr/TimeZoneNames done
Event: 30.645 loading class sun/util/resources/cldr/TimeZoneNames_en
Event: 30.647 loading class sun/util/resources/cldr/TimeZoneNames_en done


Dynamic libraries:
0x00007ff627970000 - 0x00007ff62797e000 	C:\sts-4.18.0.RELEASE\plugins\org.eclipse.justj.openjdk.hotspot.jre.full.win32.x86_64_17.0.6.v20230204-1729\jre\bin\javaw.exe
0x00007ffa26450000 - 0x00007ffa26648000 	C:\Windows\SYSTEM32\ntdll.dll
0x00007ffa262c0000 - 0x00007ffa2637f000 	C:\Windows\System32\KERNEL32.DLL
0x00007ffa24120000 - 0x00007ffa24416000 	C:\Windows\System32\KERNELBASE.dll
0x00007ffa23c30000 - 0x00007ffa23d30000 	C:\Windows\System32\ucrtbase.dll
0x00007ffa1b150000 - 0x00007ffa1b167000 	C:\sts-4.18.0.RELEASE\plugins\org.eclipse.justj.openjdk.hotspot.jre.full.win32.x86_64_17.0.6.v20230204-1729\jre\bin\jli.dll
0x00007ffa19eb0000 - 0x00007ffa19ec9000 	C:\sts-4.18.0.RELEASE\plugins\org.eclipse.justj.openjdk.hotspot.jre.full.win32.x86_64_17.0.6.v20230204-1729\jre\bin\VCRUNTIME140.dll
0x00007ffa26120000 - 0x00007ffa262bd000 	C:\Windows\System32\USER32.dll
0x00007ffa23b30000 - 0x00007ffa23b52000 	C:\Windows\System32\win32u.dll
0x00007ffa0c460000 - 0x00007ffa0c6fa000 	C:\Windows\WinSxS\amd64_microsoft.windows.common-controls_6595b64144ccf1df_6.0.19041.1110_none_60b5254171f9507e\COMCTL32.dll
0x00007ffa263e0000 - 0x00007ffa2640c000 	C:\Windows\System32\GDI32.dll
0x00007ffa25fe0000 - 0x00007ffa2607e000 	C:\Windows\System32\msvcrt.dll
0x00007ffa23f50000 - 0x00007ffa24065000 	C:\Windows\System32\gdi32full.dll
0x00007ffa23b60000 - 0x00007ffa23bfd000 	C:\Windows\System32\msvcp_win.dll
0x00007ffa24b80000 - 0x00007ffa24bb0000 	C:\Windows\System32\IMM32.DLL
0x00007ffa1b5b0000 - 0x00007ffa1b5bc000 	C:\sts-4.18.0.RELEASE\plugins\org.eclipse.justj.openjdk.hotspot.jre.full.win32.x86_64_17.0.6.v20230204-1729\jre\bin\vcruntime140_1.dll
0x00007ff9ee150000 - 0x00007ff9ee1e1000 	C:\sts-4.18.0.RELEASE\plugins\org.eclipse.justj.openjdk.hotspot.jre.full.win32.x86_64_17.0.6.v20230204-1729\jre\bin\msvcp140.dll
0x00007ff9dae60000 - 0x00007ff9dbaa7000 	C:\sts-4.18.0.RELEASE\plugins\org.eclipse.justj.openjdk.hotspot.jre.full.win32.x86_64_17.0.6.v20230204-1729\jre\bin\server\jvm.dll
0x00007ffa25500000 - 0x00007ffa255af000 	C:\Windows\System32\ADVAPI32.dll
0x00007ffa25f40000 - 0x00007ffa25fdc000 	C:\Windows\System32\sechost.dll
0x00007ffa249f0000 - 0x00007ffa24b16000 	C:\Windows\System32\RPCRT4.dll
0x00007ffa03ce0000 - 0x00007ffa03ce9000 	C:\Windows\SYSTEM32\WSOCK32.dll
0x00007ffa091c0000 - 0x00007ffa091e7000 	C:\Windows\SYSTEM32\WINMM.dll
0x00007ffa255b0000 - 0x00007ffa2561b000 	C:\Windows\System32\WS2_32.dll
0x00007ffa1a210000 - 0x00007ffa1a21a000 	C:\Windows\SYSTEM32\VERSION.dll
0x00007ffa225e0000 - 0x00007ffa225f2000 	C:\Windows\SYSTEM32\kernel.appcore.dll
0x00007ffa1af00000 - 0x00007ffa1af0a000 	C:\sts-4.18.0.RELEASE\plugins\org.eclipse.justj.openjdk.hotspot.jre.full.win32.x86_64_17.0.6.v20230204-1729\jre\bin\jimage.dll
0x00007ffa21640000 - 0x00007ffa21824000 	C:\Windows\SYSTEM32\DBGHELP.DLL
0x00007ffa18d30000 - 0x00007ffa18d64000 	C:\Windows\SYSTEM32\dbgcore.DLL
0x00007ffa24420000 - 0x00007ffa244a2000 	C:\Windows\System32\bcryptPrimitives.dll
0x00007ffa089b0000 - 0x00007ffa089d5000 	C:\sts-4.18.0.RELEASE\plugins\org.eclipse.justj.openjdk.hotspot.jre.full.win32.x86_64_17.0.6.v20230204-1729\jre\bin\java.dll
0x00007ffa1a470000 - 0x00007ffa1a488000 	C:\sts-4.18.0.RELEASE\plugins\org.eclipse.justj.openjdk.hotspot.jre.full.win32.x86_64_17.0.6.v20230204-1729\jre\bin\zip.dll
0x00007ffa25690000 - 0x00007ffa25dd4000 	C:\Windows\System32\SHELL32.dll
0x00007ffa21830000 - 0x00007ffa21fc3000 	C:\Windows\SYSTEM32\windows.storage.dll
0x00007ffa24bb0000 - 0x00007ffa24f04000 	C:\Windows\System32\combase.dll
0x00007ffa234a0000 - 0x00007ffa234ce000 	C:\Windows\SYSTEM32\Wldp.dll
0x00007ffa25e90000 - 0x00007ffa25f3d000 	C:\Windows\System32\SHCORE.dll
0x00007ffa25630000 - 0x00007ffa25685000 	C:\Windows\System32\shlwapi.dll
0x00007ffa23a70000 - 0x00007ffa23a8f000 	C:\Windows\SYSTEM32\profapi.dll
0x00007ffa19f70000 - 0x00007ffa19f89000 	C:\sts-4.18.0.RELEASE\plugins\org.eclipse.justj.openjdk.hotspot.jre.full.win32.x86_64_17.0.6.v20230204-1729\jre\bin\net.dll
0x00007ffa1a220000 - 0x00007ffa1a32a000 	C:\Windows\SYSTEM32\WINHTTP.dll
0x00007ffa23200000 - 0x00007ffa2326a000 	C:\Windows\system32\mswsock.dll
0x00007ffa08ae0000 - 0x00007ffa08af5000 	C:\sts-4.18.0.RELEASE\plugins\org.eclipse.justj.openjdk.hotspot.jre.full.win32.x86_64_17.0.6.v20230204-1729\jre\bin\nio.dll
0x00007ffa19ea0000 - 0x00007ffa19ea9000 	C:\sts-4.18.0.RELEASE\plugins\org.eclipse.justj.openjdk.hotspot.jre.full.win32.x86_64_17.0.6.v20230204-1729\jre\bin\management.dll
0x00007ffa183e0000 - 0x00007ffa183eb000 	C:\sts-4.18.0.RELEASE\plugins\org.eclipse.justj.openjdk.hotspot.jre.full.win32.x86_64_17.0.6.v20230204-1729\jre\bin\management_ext.dll
0x00007ffa25620000 - 0x00007ffa25628000 	C:\Windows\System32\PSAPI.DLL
0x00007ff9ebb70000 - 0x00007ff9ebb87000 	C:\Windows\system32\napinsp.dll
0x00007ff9ebb90000 - 0x00007ff9ebbab000 	C:\Windows\system32\pnrpnsp.dll
0x00007ff9fcbf0000 - 0x00007ff9fcc05000 	C:\Windows\system32\wshbth.dll
0x00007ffa19cc0000 - 0x00007ffa19cdd000 	C:\Windows\system32\NLAapi.dll
0x00007ffa22ef0000 - 0x00007ffa22f2c000 	C:\Windows\SYSTEM32\IPHLPAPI.DLL
0x00007ffa22f30000 - 0x00007ffa22ffa000 	C:\Windows\SYSTEM32\DNSAPI.dll
0x00007ffa26080000 - 0x00007ffa26088000 	C:\Windows\System32\NSI.dll
0x00007ff9ed5b0000 - 0x00007ff9ed5c2000 	C:\Windows\System32\winrnr.dll
0x00007ffa14f10000 - 0x00007ffa14f1a000 	C:\Windows\System32\rasadhlp.dll
0x00007ffa150c0000 - 0x00007ffa15142000 	C:\Windows\System32\fwpuclnt.dll
0x00007ffa23c00000 - 0x00007ffa23c27000 	C:\Windows\System32\bcrypt.dll
0x00007ffa233f0000 - 0x00007ffa23408000 	C:\Windows\SYSTEM32\CRYPTSP.dll
0x00007ffa22b20000 - 0x00007ffa22b54000 	C:\Windows\system32\rsaenh.dll
0x00007ffa239c0000 - 0x00007ffa239ee000 	C:\Windows\SYSTEM32\USERENV.dll
0x00007ffa23410000 - 0x00007ffa2341c000 	C:\Windows\SYSTEM32\CRYPTBASE.dll
0x00007ffa19090000 - 0x00007ffa190a7000 	C:\Windows\SYSTEM32\dhcpcsvc6.DLL
0x00007ffa19040000 - 0x00007ffa1905d000 	C:\Windows\SYSTEM32\dhcpcsvc.DLL

dbghelp: loaded successfully - version: 4.0.5 - missing functions: none
symbol engine: initialized successfully - sym options: 0x614 - pdb path: .;C:\sts-4.18.0.RELEASE\plugins\org.eclipse.justj.openjdk.hotspot.jre.full.win32.x86_64_17.0.6.v20230204-1729\jre\bin;C:\Windows\SYSTEM32;C:\Windows\WinSxS\amd64_microsoft.windows.common-controls_6595b64144ccf1df_6.0.19041.1110_none_60b5254171f9507e;C:\sts-4.18.0.RELEASE\plugins\org.eclipse.justj.openjdk.hotspot.jre.full.win32.x86_64_17.0.6.v20230204-1729\jre\bin\server

VM Arguments:
jvm_args: -Dcom.sun.management.jmxremote -Dcom.sun.management.jmxremote.port=52563 -Dcom.sun.management.jmxremote.authenticate=false -Dcom.sun.management.jmxremote.ssl=false -Djava.rmi.server.hostname=localhost -Dspring.jmx.enabled=true -Dmanagement.endpoints.jmx.exposure.include=* -Dspring.application.admin.enabled=true -XX:TieredStopAtLevel=1 -Dspring.boot.project.name=SpringProjectWMDB -Dfile.encoding=UTF-8 -XX:+ShowCodeDetailsInExceptionMessages 
java_command: com.project.func.SpringProjectWmdbApplication --spring.output.ansi.enabled=always
java_class_path (initial): C:\Users\Lucas\Documents\ws-sts\SpringProjectWMDB\target\classes;C:\Users\Lucas\.m2\repository\org\springframework\boot\spring-boot-starter-web\3.1.1\spring-boot-starter-web-3.1.1.jar;C:\Users\Lucas\.m2\repository\org\springframework\boot\spring-boot-starter\3.1.1\spring-boot-starter-3.1.1.jar;C:\Users\Lucas\.m2\repository\org\springframework\boot\spring-boot\3.1.1\spring-boot-3.1.1.jar;C:\Users\Lucas\.m2\repository\org\springframework\boot\spring-boot-autoconfigure\3.1.1\spring-boot-autoconfigure-3.1.1.jar;C:\Users\Lucas\.m2\repository\org\springframework\boot\spring-boot-starter-logging\3.1.1\spring-boot-starter-logging-3.1.1.jar;C:\Users\Lucas\.m2\repository\ch\qos\logback\logback-classic\1.4.8\logback-classic-1.4.8.jar;C:\Users\Lucas\.m2\repository\ch\qos\logback\logback-core\1.4.8\logback-core-1.4.8.jar;C:\Users\Lucas\.m2\repository\org\apache\logging\log4j\log4j-to-slf4j\2.20.0\log4j-to-slf4j-2.20.0.jar;C:\Users\Lucas\.m2\repository\org\apache\logging\log4j\log4j-api\2.20.0\log4j-api-2.20.0.jar;C:\Users\Lucas\.m2\repository\org\slf4j\jul-to-slf4j\2.0.7\jul-to-slf4j-2.0.7.jar;C:\Users\Lucas\.m2\repository\jakarta\annotation\jakarta.annotation-api\2.1.1\jakarta.annotation-api-2.1.1.jar;C:\Users\Lucas\.m2\repository\org\yaml\snakeyaml\1.33\snakeyaml-1.33.jar;C:\Users\Lucas\.m2\repository\org\springframework\boot\spring-boot-starter-json\3.1.1\spring-boot-starter-json-3.1.1.jar;C:\Users\Lucas\.m2\repository\com\fasterxml\jackson\core\jackson-databind\2.15.2\jackson-databind-2.15.2.jar;C:\Users\Lucas\.m2\repository\com\fasterxml\jackson\core\jackson-annotations\2.15.2\jackson-annotations-2.15.2.jar;C:\Users\Lucas\.m2\repository\com\fasterxml\jackson\core\jackson-core\2.15.2\jackson-core-2.15.2.jar;C:\Users\Lucas\.m2\repository\com\fasterxml\jackson\datatype\jackson-datatype-jdk8\2.15.2\jackson-datatype-jdk8-2.15.2.jar;C:\Users\Lucas\.m2\repository\com\fasterxml\jackson\datatype\jackson-datatype-jsr310\2.15.2\jackson-datatype-jsr310-2.15
Launcher Type: SUN_STANDARD

[Global flags]
     intx CICompilerCount                          = 4                                         {product} {ergonomic}
     uint ConcGCThreads                            = 2                                         {product} {ergonomic}
     uint G1ConcRefinementThreads                  = 8                                         {product} {ergonomic}
   size_t G1HeapRegionSize                         = 1048576                                   {product} {ergonomic}
    uintx GCDrainStackTargetSize                   = 64                                        {product} {ergonomic}
   size_t InitialHeapSize                          = 132120576                                 {product} {ergonomic}
     bool ManagementServer                         = true                                      {product} {command line}
   size_t MarkStackSize                            = 4194304                                   {product} {ergonomic}
   size_t MaxHeapSize                              = 2109734912                                {product} {ergonomic}
   size_t MaxNewSize                               = 1265631232                                {product} {ergonomic}
   size_t MinHeapDeltaBytes                        = 1048576                                   {product} {ergonomic}
   size_t MinHeapSize                              = 8388608                                   {product} {ergonomic}
    uintx NonProfiledCodeHeapSize                  = 0                                      {pd product} {ergonomic}
     bool ProfileInterpreter                       = false                                  {pd product} {command line}
    uintx ProfiledCodeHeapSize                     = 0                                      {pd product} {ergonomic}
     bool ShowCodeDetailsInExceptionMessages       = true                                   {manageable} {command line}
   size_t SoftMaxHeapSize                          = 2109734912                             {manageable} {ergonomic}
     intx TieredStopAtLevel                        = 1                                         {product} {command line}
     bool UseCompressedClassPointers               = true                           {product lp64_product} {ergonomic}
     bool UseCompressedOops                        = true                           {product lp64_product} {ergonomic}
     bool UseG1GC                                  = true                                      {product} {ergonomic}
     bool UseLargePagesIndividualAllocation        = false                                  {pd product} {ergonomic}

Logging:
Log output configuration:
 #0: stdout all=warning uptime,level,tags
 #1: stderr all=off uptime,level,tags

Environment Variables:
JAVA_HOME=C:\Program Files\Java\jdk-17.0.2
PATH=C:/sts-4.18.0.RELEASE//plugins/org.eclipse.justj.openjdk.hotspot.jre.full.win32.x86_64_17.0.6.v20230204-1729/jre/bin/server;C:/sts-4.18.0.RELEASE//plugins/org.eclipse.justj.openjdk.hotspot.jre.full.win32.x86_64_17.0.6.v20230204-1729/jre/bin;C:\Program Files\Java\jdk-17.0.2\bin;C:\Windows\system32;C:\Windows;C:\Windows\System32\Wbem;C:\Windows\System32\WindowsPowerShell\v1.0\;C:\Windows\System32\OpenSSH\;C:\Program Files\Git\cmd;C:\ProgramData\chocolatey\bin;C:\Program Files\nodejs\;C:\Program Files\MongoDB\Server\6.0\bin;C:\Program Files\MySQL\MySQL Shell 8.0\bin\;C:\Users\Lucas\AppData\Local\Programs\Python\Python310\Scripts\;C:\Users\Lucas\AppData\Local\Programs\Python\Python310\;C:\Users\Lucas\AppData\Local\Microsoft\WindowsApps;C:\Users\Lucas\AppData\Local\Programs\Microsoft VS Code\bin;C:\Users\Lucas\AppData\Roaming\npm;C:\Users\Lucas\AppData\Local\GitHubDesktop\bin;C:\sts-4.18.0.RELEASE;
USERNAME=Lucas
OS=Windows_NT
PROCESSOR_IDENTIFIER=Intel64 Family 6 Model 142 Stepping 12, GenuineIntel
TMP=C:\Users\Lucas\AppData\Local\Temp
TEMP=C:\Users\Lucas\AppData\Local\Temp



---------------  S Y S T E M  ---------------

OS:
 Windows 10 , 64 bit Build 19041 (10.0.19041.3031)
OS uptime: 0 days 8:09 hours

CPU: total 8 (initial active 8) (4 cores per cpu, 2 threads per core) family 6 model 142 stepping 12 microcode 0xca, cx8, cmov, fxsr, ht, mmx, 3dnowpref, sse, sse2, sse3, ssse3, sse4.1, sse4.2, popcnt, lzcnt, tsc, tscinvbit, avx, avx2, aes, erms, clmul, bmi1, bmi2, adx, fma, vzeroupper, clflush, clflushopt

Memory: 4k page, system-wide physical 8044M (690M free)
TotalPageFile size 10092M (AvailPageFile size 2M)
current process WorkingSet (physical memory assigned to process): 114M, peak: 114M
current process commit charge ("private bytes"): 147M, peak: 225M

vm_info: OpenJDK 64-Bit Server VM (17.0.6+10) for windows-amd64 JRE (17.0.6+10), built on Jan 18 2023 10:08:59 by "temurin" with MS VC++ 16.7 (VS2019)

END.
